Traceback (most recent call last):
  File "/opt/venv/lib/python3.11/site-packages/flask/app.py", line 878, in full_dispatch_request
  File "/opt/venv/lib/python3.11/site-packages/sqlalchemy/engine/base.py", line 1969, in _exec_single_context
    rv = self.preprocess_request()
         ^^^^^^^^^^^^^^^^^^^^^^^^^
    self.dialect.do_execute(
  File "/opt/venv/lib/python3.11/site-packages/sqlalchemy/engine/default.py", line 922, in do_execute
    cursor.execute(statement, parameters)
psycopg2.errors.UndefinedColumn: column user.expo_push_token does not exist
LINE 1: ...r".stripe_customer_id AS user_stripe_customer_id, "user".exp...
                                                             ^
The above exception was the direct cause of the following exception:
Traceback (most recent call last):
  File "/opt/venv/lib/python3.11/site-packages/flask/app.py", line 1473, in wsgi_app
    response = self.full_dispatch_request()
               ^^^^^^^^^^^^^^^^^^^^^^^^^^^^
  File "/opt/venv/lib/python3.11/site-packages/flask/app.py", line 882, in full_dispatch_request
    rv = self.handle_user_exception(e)
  File "/opt/venv/lib/python3.11/site-packages/flask/app.py", line 1253, in preprocess_request
    rv = self.ensure_sync(before_func)()
         ^^^^^^^^^^^^^^^^^^^^^^^^^^^^^^^
  File "/app/photovault/__init__.py", line 318, in enforce_subscription
    if not current_user.is_authenticated:
           ^^^^^^^^^^^^^^^^^^^^^^^^^^^^^
  File "/opt/venv/lib/python3.11/site-packages/werkzeug/local.py", line 318, in __get__
    obj = instance._get_current_object()
          ^^^^^^^^^^^^^^^^^^^^^^^^^^^^^^
  File "/opt/venv/lib/python3.11/site-packages/werkzeug/local.py", line 526, in _get_current_object
    return get_name(local())
                    ^^^^^^^
  File "/opt/venv/lib/python3.11/site-packages/flask_login/utils.py", line 25, in <lambda>
    current_user = LocalProxy(lambda: _get_user())
                                      ^^^^^^^^^^^
  File "/opt/venv/lib/python3.11/site-packages/flask_login/utils.py", line 370, in _get_user
    current_app.login_manager._load_user()
  File "/opt/venv/lib/python3.11/site-packages/flask_login/login_manager.py", line 364, in _load_user
    user = self._user_callback(user_id)
           ^^^^^^^^^^^^^^^^^^^^^^^^^^^^
    session.execute(
    return self.session._get_impl(
  File "/opt/venv/lib/python3.11/site-packages/sqlalchemy/orm/session.py", line 2308, in execute
           ^^^^^^^^^^^^^^^^^^^^^^^
    return self._execute_internal(
           ^^^^^^^^^^^^^^^^^^^^^^^
  File "/opt/venv/lib/python3.11/site-packages/sqlalchemy/orm/session.py", line 3833, in _get_impl
  File "/app/photovault/__init__.py", line 247, in load_user
    return db_load_fn(
    return User.query.get(int(user_id))
           ^^^^^^^^^^^
  File "/opt/venv/lib/python3.11/site-packages/sqlalchemy/orm/loading.py", line 692, in load_on_pk_identity
           ^^^^^^^^^^^^^^^^^^^^^^^^^^^^
  File "<string>", line 2, in get
  File "/opt/venv/lib/python3.11/site-packages/sqlalchemy/util/deprecations.py", line 386, in warned
    return fn(*args, **kwargs)  # type: ignore[no-any-return]
           ^^^^^^^^^^^^^^^^^^^
  File "/opt/venv/lib/python3.11/site-packages/sqlalchemy/orm/query.py", line 1136, in get
    return self._get_impl(ident, loading.load_on_pk_identity)
           ^^^^^^^^^^^^^^^^^^^^^^^^^^^^^^^^^^^^^^^^^^^^^^^^^^
  File "/opt/venv/lib/python3.11/site-packages/sqlalchemy/orm/query.py", line 1145, in _get_impl
  File "/opt/venv/lib/python3.11/site-packages/sqlalchemy/orm/session.py", line 2190, in _execute_internal
    result: Result[Any] = compile_state_cls.orm_execute_statement(
                          ^^^^^^^^^^^^^^^^^^^^^^^^^^^^^^^^^^^^^^^^
  File "/opt/venv/lib/python3.11/site-packages/sqlalchemy/orm/context.py", line 293, in orm_execute_statement
    result = conn.execute(
             ^^^^^^^^^^^^^
  File "/opt/venv/lib/python3.11/site-packages/sqlalchemy/engine/base.py", line 1416, in execute
    return meth(
           ^^^^^
Traceback (most recent call last):
  File "/opt/venv/lib/python3.11/site-packages/flask/app.py", line 1253, in preprocess_request
psycopg2.errors.UndefinedColumn: column user.expo_push_token does not exist
  File "<string>", line 2, in get
             ^^^^^^^^^^^^^
    cursor.execute(statement, parameters)
sqlalchemy.exc.ProgrammingError: (psycopg2.errors.UndefinedColumn) column user.expo_push_token does not exist
           ^^^^^^^^^^^^^^^^^^^^^^^^^^^^
    raise sqlalchemy_exception.with_traceback(exc_info[2]) from e
  File "/opt/venv/lib/python3.11/site-packages/sqlalchemy/engine/base.py", line 1969, in _exec_single_context
Railway rate limit of 500 logs/sec reached for replica, update your application to reduce the logging rate. Messages dropped: 214
